
*** Running vivado
    with args -log DT.vdi -applog -m64 -product Vivado -messageDb vivado.pb -mode batch -source DT.tcl -notrace



****** Vivado v2021.1 (64-bit)
  **** SW Build 3247384 on Thu Jun 10 19:36:33 MDT 2021
  **** IP Build 3246043 on Fri Jun 11 00:30:35 MDT 2021
    ** Copyright 1986-2021 Xilinx, Inc. All Rights Reserved.

source DT.tcl -notrace
Command: link_design -top DT -part xc7k70tfbv676-1
Design is defaulting to srcset: sources_1
Design is defaulting to constrset: constrs_1
INFO: [Device 21-403] Loading part xc7k70tfbv676-1
Netlist sorting complete. Time (s): cpu = 00:00:00 ; elapsed = 00:00:00.006 . Memory (MB): peak = 1143.145 ; gain = 0.000
INFO: [Netlist 29-17] Analyzing 9 Unisim elements for replacement
INFO: [Netlist 29-28] Unisim Transformation completed in 0 CPU seconds
INFO: [Project 1-479] Netlist was created with Vivado 2021.1
INFO: [Project 1-570] Preparing netlist for logic optimization
Netlist sorting complete. Time (s): cpu = 00:00:00 ; elapsed = 00:00:00 . Memory (MB): peak = 1143.145 ; gain = 0.000
INFO: [Project 1-111] Unisim Transformation Summary:
No Unisim elements were transformed.

6 Infos, 0 Warnings, 0 Critical Warnings and 0 Errors encountered.
link_design completed successfully
link_design: Time (s): cpu = 00:00:08 ; elapsed = 00:00:10 . Memory (MB): peak = 1143.145 ; gain = 0.000
Command: opt_design
Attempting to get a license for feature 'Implementation' and/or device 'xc7k70t'
INFO: [Common 17-349] Got license for feature 'Implementation' and/or device 'xc7k70t'
Running DRC as a precondition to command opt_design

Starting DRC Task
INFO: [DRC 23-27] Running DRC with 2 threads
INFO: [Project 1-461] DRC finished with 0 Errors
INFO: [Project 1-462] Please refer to the DRC report (report_drc) for more information.

Time (s): cpu = 00:00:03 ; elapsed = 00:00:03 . Memory (MB): peak = 1143.145 ; gain = 0.000

Starting Cache Timing Information Task
INFO: [Timing 38-35] Done setting XDC timing constraints.
Ending Cache Timing Information Task | Checksum: 13329b89f

Time (s): cpu = 00:00:14 ; elapsed = 00:00:15 . Memory (MB): peak = 1371.188 ; gain = 228.043

Starting Logic Optimization Task

Phase 1 Retarget
INFO: [Opt 31-138] Pushed 0 inverter(s) to 0 load pin(s).
INFO: [Opt 31-49] Retargeted 0 cell(s).
Phase 1 Retarget | Checksum: 95d7a39f

Time (s): cpu = 00:00:00 ; elapsed = 00:00:00.219 . Memory (MB): peak = 1588.402 ; gain = 0.000
INFO: [Opt 31-389] Phase Retarget created 0 cells and removed 1 cells

Phase 2 Constant propagation
INFO: [Opt 31-138] Pushed 0 inverter(s) to 0 load pin(s).
Phase 2 Constant propagation | Checksum: 95d7a39f

Time (s): cpu = 00:00:00 ; elapsed = 00:00:00.224 . Memory (MB): peak = 1588.402 ; gain = 0.000
INFO: [Opt 31-389] Phase Constant propagation created 0 cells and removed 0 cells

Phase 3 Sweep
Phase 3 Sweep | Checksum: 7575ab5d

Time (s): cpu = 00:00:00 ; elapsed = 00:00:00.309 . Memory (MB): peak = 1588.402 ; gain = 0.000
INFO: [Opt 31-389] Phase Sweep created 0 cells and removed 0 cells

Phase 4 BUFG optimization
Phase 4 BUFG optimization | Checksum: 7575ab5d

Time (s): cpu = 00:00:00 ; elapsed = 00:00:00.415 . Memory (MB): peak = 1588.402 ; gain = 0.000
INFO: [Opt 31-662] Phase BUFG optimization created 0 cells of which 0 are BUFGs and removed 0 cells.

Phase 5 Shift Register Optimization
INFO: [Opt 31-1064] SRL Remap converted 0 SRLs to 0 registers and converted 0 registers of register chains to 0 SRLs
Phase 5 Shift Register Optimization | Checksum: 7575ab5d

Time (s): cpu = 00:00:00 ; elapsed = 00:00:00.418 . Memory (MB): peak = 1588.402 ; gain = 0.000
INFO: [Opt 31-389] Phase Shift Register Optimization created 0 cells and removed 0 cells

Phase 6 Post Processing Netlist
Phase 6 Post Processing Netlist | Checksum: 7575ab5d

Time (s): cpu = 00:00:00 ; elapsed = 00:00:00.423 . Memory (MB): peak = 1588.402 ; gain = 0.000
INFO: [Opt 31-389] Phase Post Processing Netlist created 0 cells and removed 0 cells
Opt_design Change Summary
=========================


-------------------------------------------------------------------------------------------------------------------------
|  Phase                        |  #Cells created  |  #Cells Removed  |  #Constrained objects preventing optimizations  |
-------------------------------------------------------------------------------------------------------------------------
|  Retarget                     |               0  |               1  |                                              0  |
|  Constant propagation         |               0  |               0  |                                              0  |
|  Sweep                        |               0  |               0  |                                              0  |
|  BUFG optimization            |               0  |               0  |                                              0  |
|  Shift Register Optimization  |               0  |               0  |                                              0  |
|  Post Processing Netlist      |               0  |               0  |                                              0  |
-------------------------------------------------------------------------------------------------------------------------



Starting Connectivity Check Task

Time (s): cpu = 00:00:00 ; elapsed = 00:00:00.002 . Memory (MB): peak = 1588.402 ; gain = 0.000
Ending Logic Optimization Task | Checksum: 767fbe76

Time (s): cpu = 00:00:00 ; elapsed = 00:00:00.440 . Memory (MB): peak = 1588.402 ; gain = 0.000

Starting Power Optimization Task
INFO: [Pwropt 34-132] Skipping clock gating for clocks with a period < 2.00 ns.
Ending Power Optimization Task | Checksum: 767fbe76

Time (s): cpu = 00:00:00 ; elapsed = 00:00:00.091 . Memory (MB): peak = 1588.402 ; gain = 0.000

Starting Final Cleanup Task
Ending Final Cleanup Task | Checksum: 767fbe76

Time (s): cpu = 00:00:00 ; elapsed = 00:00:00.017 . Memory (MB): peak = 1588.402 ; gain = 0.000

Starting Netlist Obfuscation Task
Netlist sorting complete. Time (s): cpu = 00:00:00 ; elapsed = 00:00:00 . Memory (MB): peak = 1588.402 ; gain = 0.000
Ending Netlist Obfuscation Task | Checksum: 767fbe76

Time (s): cpu = 00:00:00 ; elapsed = 00:00:00 . Memory (MB): peak = 1588.402 ; gain = 0.000
INFO: [Common 17-83] Releasing license: Implementation
23 Infos, 0 Warnings, 0 Critical Warnings and 0 Errors encountered.
opt_design completed successfully
opt_design: Time (s): cpu = 00:00:20 ; elapsed = 00:00:22 . Memory (MB): peak = 1588.402 ; gain = 445.258
INFO: [Common 17-1381] The checkpoint 'C:/Users/HIBIKI/Desktop/New_LAB612_Training/Week5/2017_IC_CONTEST_Distance_transform-main/Distance Transform/Distance Transform.runs/impl_1/DT_opt.dcp' has been generated.
INFO: [runtcl-4] Executing : report_drc -file DT_drc_opted.rpt -pb DT_drc_opted.pb -rpx DT_drc_opted.rpx
Command: report_drc -file DT_drc_opted.rpt -pb DT_drc_opted.pb -rpx DT_drc_opted.rpx
INFO: [IP_Flow 19-234] Refreshing IP repositories
INFO: [IP_Flow 19-1704] No user IP repositories specified
INFO: [IP_Flow 19-2313] Loaded Vivado IP repository 'D:/Vivado/Vivado/2021.1/data/ip'.
INFO: [Timing 38-35] Done setting XDC timing constraints.
INFO: [DRC 23-27] Running DRC with 2 threads
INFO: [Vivado_Tcl 2-168] The results of DRC are in file C:/Users/HIBIKI/Desktop/New_LAB612_Training/Week5/2017_IC_CONTEST_Distance_transform-main/Distance Transform/Distance Transform.runs/impl_1/DT_drc_opted.rpt.
report_drc completed successfully
Command: place_design
Attempting to get a license for feature 'Implementation' and/or device 'xc7k70t'
INFO: [Common 17-349] Got license for feature 'Implementation' and/or device 'xc7k70t'
INFO: [DRC 23-27] Running DRC with 2 threads
INFO: [Vivado_Tcl 4-198] DRC finished with 0 Errors
INFO: [Vivado_Tcl 4-199] Please refer to the DRC report (report_drc) for more information.
Running DRC as a precondition to command place_design
INFO: [DRC 23-27] Running DRC with 2 threads
INFO: [Vivado_Tcl 4-198] DRC finished with 0 Errors
INFO: [Vivado_Tcl 4-199] Please refer to the DRC report (report_drc) for more information.

Starting Placer Task
INFO: [Place 30-611] Multithreading enabled for place_design using a maximum of 2 CPUs

Phase 1 Placer Initialization

Phase 1.1 Placer Initialization Netlist Sorting
Netlist sorting complete. Time (s): cpu = 00:00:00 ; elapsed = 00:00:00 . Memory (MB): peak = 1634.469 ; gain = 0.000
Phase 1.1 Placer Initialization Netlist Sorting | Checksum: 6578123b

Time (s): cpu = 00:00:00 ; elapsed = 00:00:00.144 . Memory (MB): peak = 1634.469 ; gain = 0.000
Netlist sorting complete. Time (s): cpu = 00:00:00 ; elapsed = 00:00:00 . Memory (MB): peak = 1634.469 ; gain = 0.000

Phase 1.2 IO Placement/ Clock Placement/ Build Placer Device
Phase 1.2 IO Placement/ Clock Placement/ Build Placer Device | Checksum: f7b82c3d

Time (s): cpu = 00:00:02 ; elapsed = 00:00:02 . Memory (MB): peak = 1634.469 ; gain = 0.000

Phase 1.3 Build Placer Netlist Model
Phase 1.3 Build Placer Netlist Model | Checksum: 153437b44

Time (s): cpu = 00:00:02 ; elapsed = 00:00:02 . Memory (MB): peak = 1634.469 ; gain = 0.000

Phase 1.4 Constrain Clocks/Macros
Phase 1.4 Constrain Clocks/Macros | Checksum: 153437b44

Time (s): cpu = 00:00:02 ; elapsed = 00:00:02 . Memory (MB): peak = 1634.469 ; gain = 0.000
Phase 1 Placer Initialization | Checksum: 153437b44

Time (s): cpu = 00:00:02 ; elapsed = 00:00:02 . Memory (MB): peak = 1634.469 ; gain = 0.000

Phase 2 Global Placement

Phase 2.1 Floorplanning
Phase 2.1 Floorplanning | Checksum: 153437b44

Time (s): cpu = 00:00:02 ; elapsed = 00:00:02 . Memory (MB): peak = 1634.469 ; gain = 0.000

Phase 2.2 Update Timing before SLR Path Opt
Phase 2.2 Update Timing before SLR Path Opt | Checksum: 153437b44

Time (s): cpu = 00:00:02 ; elapsed = 00:00:02 . Memory (MB): peak = 1634.469 ; gain = 0.000

Phase 2.3 Post-Processing in Floorplanning
Phase 2.3 Post-Processing in Floorplanning | Checksum: 153437b44

Time (s): cpu = 00:00:02 ; elapsed = 00:00:02 . Memory (MB): peak = 1634.469 ; gain = 0.000

Phase 2.4 Global Placement Core
WARNING: [Place 46-29] place_design is not in timing mode. Skip physical synthesis in placer
Phase 2.4 Global Placement Core | Checksum: 15367ef3c

Time (s): cpu = 00:00:07 ; elapsed = 00:00:05 . Memory (MB): peak = 1634.469 ; gain = 0.000
Phase 2 Global Placement | Checksum: 15367ef3c

Time (s): cpu = 00:00:07 ; elapsed = 00:00:05 . Memory (MB): peak = 1634.469 ; gain = 0.000

Phase 3 Detail Placement

Phase 3.1 Commit Multi Column Macros
Phase 3.1 Commit Multi Column Macros | Checksum: 15367ef3c

Time (s): cpu = 00:00:07 ; elapsed = 00:00:05 . Memory (MB): peak = 1634.469 ; gain = 0.000

Phase 3.2 Commit Most Macros & LUTRAMs
Phase 3.2 Commit Most Macros & LUTRAMs | Checksum: 514e5c86

Time (s): cpu = 00:00:07 ; elapsed = 00:00:05 . Memory (MB): peak = 1634.469 ; gain = 0.000

Phase 3.3 Area Swap Optimization
Phase 3.3 Area Swap Optimization | Checksum: 987c8b1c

Time (s): cpu = 00:00:07 ; elapsed = 00:00:05 . Memory (MB): peak = 1634.469 ; gain = 0.000

Phase 3.4 Pipeline Register Optimization
Phase 3.4 Pipeline Register Optimization | Checksum: 987c8b1c

Time (s): cpu = 00:00:07 ; elapsed = 00:00:05 . Memory (MB): peak = 1634.469 ; gain = 0.000

Phase 3.5 Small Shape Detail Placement
Phase 3.5 Small Shape Detail Placement | Checksum: 12b5cd7cf

Time (s): cpu = 00:00:07 ; elapsed = 00:00:05 . Memory (MB): peak = 1634.469 ; gain = 0.000

Phase 3.6 Re-assign LUT pins
Phase 3.6 Re-assign LUT pins | Checksum: 12b5cd7cf

Time (s): cpu = 00:00:08 ; elapsed = 00:00:05 . Memory (MB): peak = 1634.469 ; gain = 0.000

Phase 3.7 Pipeline Register Optimization
Phase 3.7 Pipeline Register Optimization | Checksum: 12b5cd7cf

Time (s): cpu = 00:00:08 ; elapsed = 00:00:05 . Memory (MB): peak = 1634.469 ; gain = 0.000
Phase 3 Detail Placement | Checksum: 12b5cd7cf

Time (s): cpu = 00:00:08 ; elapsed = 00:00:05 . Memory (MB): peak = 1634.469 ; gain = 0.000

Phase 4 Post Placement Optimization and Clean-Up

Phase 4.1 Post Commit Optimization
Phase 4.1 Post Commit Optimization | Checksum: 12b5cd7cf

Time (s): cpu = 00:00:08 ; elapsed = 00:00:05 . Memory (MB): peak = 1634.469 ; gain = 0.000

Phase 4.2 Post Placement Cleanup
Phase 4.2 Post Placement Cleanup | Checksum: 12b5cd7cf

Time (s): cpu = 00:00:08 ; elapsed = 00:00:05 . Memory (MB): peak = 1634.469 ; gain = 0.000

Phase 4.3 Placer Reporting

Phase 4.3.1 Print Estimated Congestion
INFO: [Place 30-612] Post-Placement Estimated Congestion 
 ____________________________________________________
|           | Global Congestion | Short Congestion  |
| Direction | Region Size       | Region Size       |
|___________|___________________|___________________|
|      North|                1x1|                1x1|
|___________|___________________|___________________|
|      South|                1x1|                1x1|
|___________|___________________|___________________|
|       East|                1x1|                1x1|
|___________|___________________|___________________|
|       West|                1x1|                1x1|
|___________|___________________|___________________|

Phase 4.3.1 Print Estimated Congestion | Checksum: 12b5cd7cf

Time (s): cpu = 00:00:08 ; elapsed = 00:00:05 . Memory (MB): peak = 1634.469 ; gain = 0.000
Phase 4.3 Placer Reporting | Checksum: 12b5cd7cf

Time (s): cpu = 00:00:08 ; elapsed = 00:00:05 . Memory (MB): peak = 1634.469 ; gain = 0.000

Phase 4.4 Final Placement Cleanup
Netlist sorting complete. Time (s): cpu = 00:00:00 ; elapsed = 00:00:00 . Memory (MB): peak = 1634.469 ; gain = 0.000

Time (s): cpu = 00:00:08 ; elapsed = 00:00:05 . Memory (MB): peak = 1634.469 ; gain = 0.000
Phase 4 Post Placement Optimization and Clean-Up | Checksum: 16c609b79

Time (s): cpu = 00:00:08 ; elapsed = 00:00:05 . Memory (MB): peak = 1634.469 ; gain = 0.000
Ending Placer Task | Checksum: 15d3d07b9

Time (s): cpu = 00:00:08 ; elapsed = 00:00:05 . Memory (MB): peak = 1634.469 ; gain = 0.000
INFO: [Common 17-83] Releasing license: Implementation
41 Infos, 1 Warnings, 0 Critical Warnings and 0 Errors encountered.
place_design completed successfully
place_design: Time (s): cpu = 00:00:11 ; elapsed = 00:00:07 . Memory (MB): peak = 1634.469 ; gain = 0.004
Writing placer database...
Writing XDEF routing.
Writing XDEF routing logical nets.
Writing XDEF routing special nets.
Write XDEF Complete: Time (s): cpu = 00:00:00 ; elapsed = 00:00:00.427 . Memory (MB): peak = 1634.469 ; gain = 0.000
INFO: [Common 17-1381] The checkpoint 'C:/Users/HIBIKI/Desktop/New_LAB612_Training/Week5/2017_IC_CONTEST_Distance_transform-main/Distance Transform/Distance Transform.runs/impl_1/DT_placed.dcp' has been generated.
INFO: [runtcl-4] Executing : report_io -file DT_io_placed.rpt
report_io: Time (s): cpu = 00:00:00 ; elapsed = 00:00:00.395 . Memory (MB): peak = 1634.469 ; gain = 0.000
INFO: [runtcl-4] Executing : report_utilization -file DT_utilization_placed.rpt -pb DT_utilization_placed.pb
INFO: [runtcl-4] Executing : report_control_sets -verbose -file DT_control_sets_placed.rpt
report_control_sets: Time (s): cpu = 00:00:00 ; elapsed = 00:00:00.009 . Memory (MB): peak = 1634.469 ; gain = 0.000
Command: phys_opt_design
Attempting to get a license for feature 'Implementation' and/or device 'xc7k70t'
INFO: [Common 17-349] Got license for feature 'Implementation' and/or device 'xc7k70t'
INFO: [Vivado_Tcl 4-235] No timing constraint found. The netlist was not modified.
INFO: [Common 17-83] Releasing license: Implementation
48 Infos, 1 Warnings, 0 Critical Warnings and 0 Errors encountered.
phys_opt_design completed successfully
Writing placer database...
Writing XDEF routing.
Writing XDEF routing logical nets.
Writing XDEF routing special nets.
Write XDEF Complete: Time (s): cpu = 00:00:00 ; elapsed = 00:00:00.331 . Memory (MB): peak = 1640.492 ; gain = 6.023
INFO: [Common 17-1381] The checkpoint 'C:/Users/HIBIKI/Desktop/New_LAB612_Training/Week5/2017_IC_CONTEST_Distance_transform-main/Distance Transform/Distance Transform.runs/impl_1/DT_physopt.dcp' has been generated.
Command: route_design
Attempting to get a license for feature 'Implementation' and/or device 'xc7k70t'
INFO: [Common 17-349] Got license for feature 'Implementation' and/or device 'xc7k70t'
Running DRC as a precondition to command route_design
INFO: [DRC 23-27] Running DRC with 2 threads
INFO: [Vivado_Tcl 4-198] DRC finished with 0 Errors
INFO: [Vivado_Tcl 4-199] Please refer to the DRC report (report_drc) for more information.


Starting Routing Task
INFO: [Route 35-254] Multithreading enabled for route_design using a maximum of 2 CPUs
Checksum: PlaceDB: f7c4f57e ConstDB: 0 ShapeSum: 6578123b RouteDB: 0

Phase 1 Build RT Design
Phase 1 Build RT Design | Checksum: 48e10baf

Time (s): cpu = 00:00:21 ; elapsed = 00:00:17 . Memory (MB): peak = 1748.379 ; gain = 98.812
Post Restoration Checksum: NetGraph: 28e7491c NumContArr: 1ff9c293 Constraints: 0 Timing: 0

Phase 2 Router Initialization
INFO: [Route 35-64] No timing constraints were detected. The router will operate in resource-optimization mode.

Phase 2.1 Fix Topology Constraints
Phase 2.1 Fix Topology Constraints | Checksum: 48e10baf

Time (s): cpu = 00:00:21 ; elapsed = 00:00:17 . Memory (MB): peak = 1754.410 ; gain = 104.844

Phase 2.2 Pre Route Cleanup
Phase 2.2 Pre Route Cleanup | Checksum: 48e10baf

Time (s): cpu = 00:00:21 ; elapsed = 00:00:17 . Memory (MB): peak = 1754.410 ; gain = 104.844
 Number of Nodes with overlaps = 0
Phase 2 Router Initialization | Checksum: 13d798a38

Time (s): cpu = 00:00:21 ; elapsed = 00:00:17 . Memory (MB): peak = 1769.062 ; gain = 119.496

Router Utilization Summary
  Global Vertical Routing Utilization    = 0 %
  Global Horizontal Routing Utilization  = 0 %
  Routable Net Status*
  *Does not include unroutable nets such as driverless and loadless.
  Run report_route_status for detailed report.
  Number of Failed Nets               = 204
    (Failed Nets is the sum of unrouted and partially routed nets)
  Number of Unrouted Nets             = 204
  Number of Partially Routed Nets     = 0
  Number of Node Overlaps             = 0


Phase 3 Initial Routing

Phase 3.1 Global Routing
Phase 3.1 Global Routing | Checksum: 13d798a38

Time (s): cpu = 00:00:21 ; elapsed = 00:00:17 . Memory (MB): peak = 1770.285 ; gain = 120.719
Phase 3 Initial Routing | Checksum: bbaa2a55

Time (s): cpu = 00:00:22 ; elapsed = 00:00:18 . Memory (MB): peak = 1770.285 ; gain = 120.719

Phase 4 Rip-up And Reroute

Phase 4.1 Global Iteration 0
 Number of Nodes with overlaps = 22
 Number of Nodes with overlaps = 0
Phase 4.1 Global Iteration 0 | Checksum: d03044b1

Time (s): cpu = 00:00:22 ; elapsed = 00:00:18 . Memory (MB): peak = 1770.285 ; gain = 120.719
Phase 4 Rip-up And Reroute | Checksum: d03044b1

Time (s): cpu = 00:00:22 ; elapsed = 00:00:18 . Memory (MB): peak = 1770.285 ; gain = 120.719

Phase 5 Delay and Skew Optimization
Phase 5 Delay and Skew Optimization | Checksum: d03044b1

Time (s): cpu = 00:00:22 ; elapsed = 00:00:18 . Memory (MB): peak = 1770.285 ; gain = 120.719

Phase 6 Post Hold Fix

Phase 6.1 Hold Fix Iter
Phase 6.1 Hold Fix Iter | Checksum: d03044b1

Time (s): cpu = 00:00:22 ; elapsed = 00:00:18 . Memory (MB): peak = 1770.285 ; gain = 120.719
Phase 6 Post Hold Fix | Checksum: d03044b1

Time (s): cpu = 00:00:22 ; elapsed = 00:00:18 . Memory (MB): peak = 1770.285 ; gain = 120.719

Phase 7 Route finalize

Router Utilization Summary
  Global Vertical Routing Utilization    = 0.0479685 %
  Global Horizontal Routing Utilization  = 0.0356447 %
  Routable Net Status*
  *Does not include unroutable nets such as driverless and loadless.
  Run report_route_status for detailed report.
  Number of Failed Nets               = 0
    (Failed Nets is the sum of unrouted and partially routed nets)
  Number of Unrouted Nets             = 0
  Number of Partially Routed Nets     = 0
  Number of Node Overlaps             = 0

Congestion Report
North Dir 1x1 Area, Max Cong = 28.8288%, No Congested Regions.
South Dir 1x1 Area, Max Cong = 15.3153%, No Congested Regions.
East Dir 1x1 Area, Max Cong = 16.1765%, No Congested Regions.
West Dir 1x1 Area, Max Cong = 17.6471%, No Congested Regions.

------------------------------
Reporting congestion hotspots
------------------------------
Direction: North
----------------
Congested clusters found at Level 0
Effective congestion level: 0 Aspect Ratio: 1 Sparse Ratio: 0
Direction: South
----------------
Congested clusters found at Level 0
Effective congestion level: 0 Aspect Ratio: 1 Sparse Ratio: 0
Direction: East
----------------
Congested clusters found at Level 0
Effective congestion level: 0 Aspect Ratio: 1 Sparse Ratio: 0
Direction: West
----------------
Congested clusters found at Level 0
Effective congestion level: 0 Aspect Ratio: 1 Sparse Ratio: 0

Phase 7 Route finalize | Checksum: d03044b1

Time (s): cpu = 00:00:22 ; elapsed = 00:00:18 . Memory (MB): peak = 1770.285 ; gain = 120.719

Phase 8 Verifying routed nets

 Verification completed successfully
Phase 8 Verifying routed nets | Checksum: d03044b1

Time (s): cpu = 00:00:22 ; elapsed = 00:00:18 . Memory (MB): peak = 1770.457 ; gain = 120.891

Phase 9 Depositing Routes
Phase 9 Depositing Routes | Checksum: 14b4a7d8d

Time (s): cpu = 00:00:22 ; elapsed = 00:00:18 . Memory (MB): peak = 1770.457 ; gain = 120.891
INFO: [Route 35-16] Router Completed Successfully

Time (s): cpu = 00:00:22 ; elapsed = 00:00:18 . Memory (MB): peak = 1770.457 ; gain = 120.891

Routing Is Done.
INFO: [Common 17-83] Releasing license: Implementation
57 Infos, 1 Warnings, 0 Critical Warnings and 0 Errors encountered.
route_design completed successfully
route_design: Time (s): cpu = 00:00:26 ; elapsed = 00:00:21 . Memory (MB): peak = 1770.457 ; gain = 129.965
Writing placer database...
Writing XDEF routing.
Writing XDEF routing logical nets.
Writing XDEF routing special nets.
Write XDEF Complete: Time (s): cpu = 00:00:00 ; elapsed = 00:00:00.230 . Memory (MB): peak = 1780.379 ; gain = 9.922
INFO: [Common 17-1381] The checkpoint 'C:/Users/HIBIKI/Desktop/New_LAB612_Training/Week5/2017_IC_CONTEST_Distance_transform-main/Distance Transform/Distance Transform.runs/impl_1/DT_routed.dcp' has been generated.
INFO: [runtcl-4] Executing : report_drc -file DT_drc_routed.rpt -pb DT_drc_routed.pb -rpx DT_drc_routed.rpx
Command: report_drc -file DT_drc_routed.rpt -pb DT_drc_routed.pb -rpx DT_drc_routed.rpx
INFO: [IP_Flow 19-1839] IP Catalog is up to date.
INFO: [DRC 23-27] Running DRC with 2 threads
INFO: [Vivado_Tcl 2-168] The results of DRC are in file C:/Users/HIBIKI/Desktop/New_LAB612_Training/Week5/2017_IC_CONTEST_Distance_transform-main/Distance Transform/Distance Transform.runs/impl_1/DT_drc_routed.rpt.
report_drc completed successfully
INFO: [runtcl-4] Executing : report_methodology -file DT_methodology_drc_routed.rpt -pb DT_methodology_drc_routed.pb -rpx DT_methodology_drc_routed.rpx
Command: report_methodology -file DT_methodology_drc_routed.rpt -pb DT_methodology_drc_routed.pb -rpx DT_methodology_drc_routed.rpx
INFO: [Timing 38-35] Done setting XDC timing constraints.
INFO: [DRC 23-133] Running Methodology with 2 threads
INFO: [Vivado_Tcl 2-1520] The results of Report Methodology are in file C:/Users/HIBIKI/Desktop/New_LAB612_Training/Week5/2017_IC_CONTEST_Distance_transform-main/Distance Transform/Distance Transform.runs/impl_1/DT_methodology_drc_routed.rpt.
report_methodology completed successfully
INFO: [runtcl-4] Executing : report_power -file DT_power_routed.rpt -pb DT_power_summary_routed.pb -rpx DT_power_routed.rpx
Command: report_power -file DT_power_routed.rpt -pb DT_power_summary_routed.pb -rpx DT_power_routed.rpx
INFO: [Timing 38-35] Done setting XDC timing constraints.
WARNING: [Power 33-232] No user defined clocks were found in the design! Power estimation will be inaccurate until this is corrected.
Resolution: Please specify clocks using create_clock/create_generated_clock for sequential elements. For pure combinatorial circuits, please specify a virtual clock, otherwise the vectorless estimation might be inaccurate
Running Vector-less Activity Propagation...

Finished Running Vector-less Activity Propagation
68 Infos, 2 Warnings, 0 Critical Warnings and 0 Errors encountered.
report_power completed successfully
INFO: [runtcl-4] Executing : report_route_status -file DT_route_status.rpt -pb DT_route_status.pb
INFO: [runtcl-4] Executing : report_timing_summary -max_paths 10 -file DT_timing_summary_routed.rpt -pb DT_timing_summary_routed.pb -rpx DT_timing_summary_routed.rpx -warn_on_violation 
INFO: [Timing 38-91] UpdateTimingParams: Speed grade: -1, Delay Type: min_max.
INFO: [Timing 38-191] Multithreading enabled for timing update using a maximum of 2 CPUs
WARNING: [Timing 38-313] There are no user specified timing constraints. Timing constraints are needed for proper timing analysis.
INFO: [runtcl-4] Executing : report_incremental_reuse -file DT_incremental_reuse_routed.rpt
INFO: [Vivado_Tcl 4-1062] Incremental flow is disabled. No incremental reuse Info to report.
INFO: [runtcl-4] Executing : report_clock_utilization -file DT_clock_utilization_routed.rpt
INFO: [runtcl-4] Executing : report_bus_skew -warn_on_violation -file DT_bus_skew_routed.rpt -pb DT_bus_skew_routed.pb -rpx DT_bus_skew_routed.rpx
INFO: [Timing 38-91] UpdateTimingParams: Speed grade: -1, Delay Type: min_max.
INFO: [Timing 38-191] Multithreading enabled for timing update using a maximum of 2 CPUs
INFO: [Common 17-206] Exiting Vivado at Tue Jul 26 03:15:00 2022...
